2024-01-25 17:31:19,069 - app.estructura.load_data_csv [ERROR] Ha ocurrido un error: 
2024-01-25 17:31:19,160 - app.validaciones.validaciones [INFO] ID 1505-El elemento [Prototype] contiene caracteres no perimitidos
2024-01-25 17:31:19,161 - app.estructura.catalogo [WARNING] ID 1505-El juego no se ha agregado a la lista
2024-01-25 17:31:19,168 - app.validaciones.validaciones [INFO] ID 1604-El elemento [Prototype] contiene caracteres no perimitidos
2024-01-25 17:31:19,168 - app.estructura.catalogo [WARNING] ID 1604-El juego no se ha agregado a la lista
2024-01-25 17:31:19,170 - app.validaciones.validaciones [INFO] ID 1628-El elemento WarioWare, Inc.: Mega MicroGame$ contiene caracteres no perimitidos
2024-01-25 17:31:19,170 - app.estructura.catalogo [WARNING] ID 1628-El juego no se ha agregado a la lista
2024-01-25 17:31:19,271 - app.validaciones.validaciones [INFO] ID 2576-El elemento [Prototype 2] contiene caracteres no perimitidos
2024-01-25 17:31:19,271 - app.estructura.catalogo [WARNING] ID 2576-El juego no se ha agregado a la lista
2024-01-25 17:31:19,292 - app.validaciones.validaciones [INFO] ID 2742-El elemento [Prototype 2] contiene caracteres no perimitidos
2024-01-25 17:31:19,292 - app.estructura.catalogo [WARNING] ID 2742-El juego no se ha agregado a la lista
2024-01-25 17:31:19,313 - app.validaciones.validaciones [INFO] ID 2890-El elemento WarioWare, Inc.: Mega Party Game$ contiene caracteres no perimitidos
2024-01-25 17:31:19,313 - app.estructura.catalogo [WARNING] ID 2890-El juego no se ha agregado a la lista
2024-01-25 17:31:19,425 - app.validaciones.validaciones [INFO] ID 3552-El elemento Resident Evil Outbreak File #2 contiene caracteres no perimitidos
2024-01-25 17:31:19,425 - app.estructura.catalogo [WARNING] ID 3552-El juego no se ha agregado a la lista
2024-01-25 17:31:20,339 - app.validaciones.validaciones [INFO] ID 7076-El elemento The Idolm@ster SP: Wandering Star / Perfect Sun / Missing Moon contiene caracteres no perimitidos
2024-01-25 17:31:20,339 - app.estructura.catalogo [WARNING] ID 7076-El juego no se ha agregado a la lista
2024-01-25 17:31:20,428 - app.validaciones.validaciones [INFO] ID 7320-Steins;Gate no puede contener ';'
2024-01-25 17:31:20,429 - app.estructura.catalogo [WARNING] ID 7320-El juego no se ha agregado a la lista
2024-01-25 17:31:20,607 - app.validaciones.validaciones [INFO] ID 7765-Steins;Gate no puede contener ';'
2024-01-25 17:31:20,608 - app.estructura.catalogo [WARNING] ID 7765-El juego no se ha agregado a la lista
2024-01-25 17:31:20,800 - app.validaciones.validaciones [INFO] ID 8269-El elemento The Idolm@ster: Shiny Festa - Honey Sound / Funky Note / Groovy Tune contiene caracteres no perimitidos
2024-01-25 17:31:20,800 - app.estructura.catalogo [WARNING] ID 8269-El juego no se ha agregado a la lista
2024-01-25 17:31:20,835 - app.validaciones.validaciones [INFO] ID 8350-El elemento Fate/Stay Night [Réalta Nua] contiene caracteres no perimitidos
2024-01-25 17:31:20,835 - app.estructura.catalogo [WARNING] ID 8350-El juego no se ha agregado a la lista
2024-01-25 17:31:20,994 - app.validaciones.validaciones [INFO] ID 8702-El elemento The Idolm@ster 2 contiene caracteres no perimitidos
2024-01-25 17:31:20,994 - app.estructura.catalogo [WARNING] ID 8702-El juego no se ha agregado a la lista
2024-01-25 17:31:21,126 - app.validaciones.validaciones [INFO] ID 8988-El elemento Guilty Gear X2 #Reload contiene caracteres no perimitidos
2024-01-25 17:31:21,126 - app.estructura.catalogo [WARNING] ID 8988-El juego no se ha agregado a la lista
2024-01-25 17:31:21,343 - app.validaciones.validaciones [INFO] ID 9459-El elemento The IdolM@ster: One for All contiene caracteres no perimitidos
2024-01-25 17:31:21,343 - app.estructura.catalogo [WARNING] ID 9459-El juego no se ha agregado a la lista
2024-01-25 17:31:21,582 - app.validaciones.validaciones [INFO] ID 9969-Hyperdimension Neptunia Re;Birth 3 no puede contener ';'
2024-01-25 17:31:21,582 - app.estructura.catalogo [WARNING] ID 9969-El juego no se ha agregado a la lista
2024-01-25 17:31:21,814 - app.validaciones.validaciones [INFO] ID 10381-El elemento Grand Theft Auto: Mission Pack #1, London 1969 contiene caracteres no perimitidos
2024-01-25 17:31:21,814 - app.estructura.catalogo [WARNING] ID 10381-El juego no se ha agregado a la lista
2024-01-25 17:31:21,815 - app.validaciones.validaciones [INFO] ID 10383-Robotics;Notes no puede contener ';'
2024-01-25 17:31:21,815 - app.estructura.catalogo [WARNING] ID 10383-El juego no se ha agregado a la lista
2024-01-25 17:31:21,834 - app.validaciones.validaciones [INFO] El nombre debe tener mas de dos letras
2024-01-25 17:31:21,834 - app.estructura.catalogo [WARNING] ID 10418-El juego no se ha agregado a la lista
2024-01-25 17:31:21,928 - app.validaciones.validaciones [INFO] ID 10598-El elemento [Prototype 2] contiene caracteres no perimitidos
2024-01-25 17:31:21,928 - app.estructura.catalogo [WARNING] ID 10598-El juego no se ha agregado a la lista
2024-01-25 17:31:22,215 - app.validaciones.validaciones [INFO] ID 11094-El elemento The $1 Pyramid contiene caracteres no perimitidos
2024-01-25 17:31:22,215 - app.estructura.catalogo [WARNING] ID 11094-El juego no se ha agregado a la lista
2024-01-25 17:31:22,235 - app.validaciones.validaciones [INFO] ID 11135-Hyperdimension Neptunia Re;Birth 2 no puede contener ';'
2024-01-25 17:31:22,235 - app.estructura.catalogo [WARNING] ID 11135-El juego no se ha agregado a la lista
2024-01-25 17:31:22,386 - app.validaciones.validaciones [INFO] ID 11374-Steins;Gate no puede contener ';'
2024-01-25 17:31:22,386 - app.estructura.catalogo [WARNING] ID 11374-El juego no se ha agregado a la lista
2024-01-25 17:31:22,423 - app.validaciones.validaciones [INFO] ID 11439-Steins;Gate: Hiyoku Renri no Darling no puede contener ';'
2024-01-25 17:31:22,423 - app.estructura.catalogo [WARNING] ID 11439-El juego no se ha agregado a la lista
2024-01-25 17:31:22,535 - app.validaciones.validaciones [INFO] ID 11645-El elemento The Idolm@ster contiene caracteres no perimitidos
2024-01-25 17:31:22,535 - app.estructura.catalogo [WARNING] ID 11645-El juego no se ha agregado a la lista
2024-01-25 17:31:22,628 - app.validaciones.validaciones [INFO] ID 11798-El elemento The Idolm@ster: Live for You! contiene caracteres no perimitidos
2024-01-25 17:31:22,628 - app.estructura.catalogo [WARNING] ID 11798-El juego no se ha agregado a la lista
2024-01-25 17:31:22,998 - app.validaciones.validaciones [INFO] ID 12337-Steins;Gate: Senkei Kousoku no Phonogram no puede contener ';'
2024-01-25 17:31:22,998 - app.estructura.catalogo [WARNING] ID 12337-El juego no se ha agregado a la lista
2024-01-25 17:31:23,050 - app.validaciones.validaciones [INFO] ID 12416-Steins;Gate no puede contener ';'
2024-01-25 17:31:23,050 - app.estructura.catalogo [WARNING] ID 12416-El juego no se ha agregado a la lista
2024-01-25 17:31:23,195 - app.validaciones.validaciones [INFO] ID 12627-Steins;Gate: Hiyoku Renri no Darling no puede contener ';'
2024-01-25 17:31:23,195 - app.estructura.catalogo [WARNING] ID 12627-El juego no se ha agregado a la lista
2024-01-25 17:31:23,285 - app.validaciones.validaciones [INFO] ID 12756-El elemento Fate/Stay Night [Réalta Nua] contiene caracteres no perimitidos
2024-01-25 17:31:23,285 - app.estructura.catalogo [WARNING] ID 12756-El juego no se ha agregado a la lista
2024-01-25 17:31:23,420 - app.validaciones.validaciones [INFO] ID 12935-Chaos;Child no puede contener ';'
2024-01-25 17:31:23,420 - app.estructura.catalogo [WARNING] ID 12935-El juego no se ha agregado a la lista
2024-01-25 17:31:23,521 - app.validaciones.validaciones [INFO] ID 13070-El elemento The Idolm@ster: Dearly Stars contiene caracteres no perimitidos
2024-01-25 17:31:23,521 - app.estructura.catalogo [WARNING] ID 13070-El juego no se ha agregado a la lista
2024-01-25 17:31:23,532 - app.validaciones.validaciones [INFO] ID 13083-Steins;Gate 0 no puede contener ';'
2024-01-25 17:31:23,532 - app.estructura.catalogo [WARNING] ID 13083-El juego no se ha agregado a la lista
2024-01-25 17:31:23,571 - app.validaciones.validaciones [INFO] ID 13125-Steins;Gate 0 no puede contener ';'
2024-01-25 17:31:23,571 - app.estructura.catalogo [WARNING] ID 13125-El juego no se ha agregado a la lista
2024-01-25 17:31:24,110 - app.validaciones.validaciones [INFO] ID 13687-Chaos;Head - Love Chu*Chu! no puede contener ';'
2024-01-25 17:31:24,110 - app.estructura.catalogo [WARNING] ID 13687-El juego no se ha agregado a la lista
2024-01-25 17:31:24,307 - app.validaciones.validaciones [INFO] ID 13938-El elemento The Idolm@ster: Must Songs - Red Board / Blue Board contiene caracteres no perimitidos
2024-01-25 17:31:24,307 - app.estructura.catalogo [WARNING] ID 13938-El juego no se ha agregado a la lista
2024-01-25 17:31:24,347 - app.validaciones.validaciones [INFO] ID 13988-Chaos;Head Noah no puede contener ';'
2024-01-25 17:31:24,347 - app.estructura.catalogo [WARNING] ID 13988-El juego no se ha agregado a la lista
2024-01-25 17:31:24,675 - app.validaciones.validaciones [INFO] ID 14360-Chaos;Head - Love Chu*Chu! no puede contener ';'
2024-01-25 17:31:24,675 - app.estructura.catalogo [WARNING] ID 14360-El juego no se ha agregado a la lista
2024-01-25 17:31:24,855 - app.validaciones.validaciones [INFO] ID 14591-El elemento Megpoid the Music# contiene caracteres no perimitidos
2024-01-25 17:31:24,855 - app.estructura.catalogo [WARNING] ID 14591-El juego no se ha agregado a la lista
2024-01-25 17:31:24,930 - app.validaciones.validaciones [INFO] ID 14681-El elemento The IdolM@ster: Gravure For You! Vol. 6 contiene caracteres no perimitidos
2024-01-25 17:31:24,930 - app.estructura.catalogo [WARNING] ID 14681-El juego no se ha agregado a la lista
2024-01-25 17:31:24,989 - app.validaciones.validaciones [INFO] ID 14754-El elemento The Battle of Yuu Yuu Hakusho: Shitou! Ankoku Bujutsukai! 120% contiene caracteres no perimitidos
2024-01-25 17:31:24,989 - app.estructura.catalogo [WARNING] ID 14754-El juego no se ha agregado a la lista
2024-01-25 17:31:25,055 - app.validaciones.validaciones [INFO] ID 14823-Steins;Gate 0 no puede contener ';'
2024-01-25 17:31:25,055 - app.estructura.catalogo [WARNING] ID 14823-El juego no se ha agregado a la lista
2024-01-25 17:31:25,201 - app.validaciones.validaciones [INFO] ID 14975-El elemento TV Anime Idolm@ster: Cinderella Girls G4U! Pack Vol.1 contiene caracteres no perimitidos
2024-01-25 17:31:25,201 - app.estructura.catalogo [WARNING] ID 14975-El juego no se ha agregado a la lista
2024-01-25 17:31:25,214 - app.validaciones.validaciones [INFO] ID 14980-El elemento TV Anime Idolm@ster: Cinderella Girls G4U! Pack Vol.6 contiene caracteres no perimitidos
2024-01-25 17:31:25,214 - app.estructura.catalogo [WARNING] ID 14980-El juego no se ha agregado a la lista
2024-01-25 17:31:25,273 - app.validaciones.validaciones [INFO] ID 15019-El elemento TV Anime Idolm@ster: Cinderella Girls G4U! Pack Vol.9 contiene caracteres no perimitidos
2024-01-25 17:31:25,273 - app.estructura.catalogo [WARNING] ID 15019-El juego no se ha agregado a la lista
2024-01-25 17:31:25,290 - app.validaciones.validaciones [INFO] ID 15041-Steins;Gate: Senkei Kousoku no Phonogram no puede contener ';'
2024-01-25 17:31:25,290 - app.estructura.catalogo [WARNING] ID 15041-El juego no se ha agregado a la lista
2024-01-25 17:31:25,349 - app.validaciones.validaciones [INFO] ID 15117-Chaos;Head Noah no puede contener ';'
2024-01-25 17:31:25,349 - app.estructura.catalogo [WARNING] ID 15117-El juego no se ha agregado a la lista
2024-01-25 17:31:25,503 - app.validaciones.validaciones [INFO] ID 15306-Robotics;Notes no puede contener ';'
2024-01-25 17:31:25,503 - app.estructura.catalogo [WARNING] ID 15306-El juego no se ha agregado a la lista
2024-01-25 17:31:25,588 - app.validaciones.validaciones [INFO] ID 15387-El elemento TV Anime Idolm@ster: Cinderella Girls G4U! Pack Vol.7 contiene caracteres no perimitidos
2024-01-25 17:31:25,589 - app.estructura.catalogo [WARNING] ID 15387-El juego no se ha agregado a la lista
2024-01-25 17:31:25,650 - app.validaciones.validaciones [INFO] ID 15460-Steins;Gate: Hiyoku Renri no Darling no puede contener ';'
2024-01-25 17:31:25,650 - app.estructura.catalogo [WARNING] ID 15460-El juego no se ha agregado a la lista
2024-01-25 17:31:25,662 - app.validaciones.validaciones [INFO] ID 15472-El elemento TV Anime Idolm@ster: Cinderella Girls G4U! Pack Vol.5 contiene caracteres no perimitidos
2024-01-25 17:31:25,662 - app.estructura.catalogo [WARNING] ID 15472-El juego no se ha agregado a la lista
2024-01-25 17:31:25,745 - app.validaciones.validaciones [INFO] ID 15569-El elemento TV Anime Idolm@ster: Cinderella Girls G4U! Pack Vol.8 contiene caracteres no perimitidos
2024-01-25 17:31:25,745 - app.estructura.catalogo [WARNING] ID 15569-El juego no se ha agregado a la lista
2024-01-25 17:31:25,860 - app.validaciones.validaciones [INFO] ID 15679-El elemento TV Anime Idolm@ster: Cinderella Girls G4U! Pack Vol.2 contiene caracteres no perimitidos
2024-01-25 17:31:25,860 - app.estructura.catalogo [WARNING] ID 15679-El juego no se ha agregado a la lista
2024-01-25 17:31:25,871 - app.validaciones.validaciones [INFO] ID 15692-Robotics;Notes no puede contener ';'
2024-01-25 17:31:25,871 - app.estructura.catalogo [WARNING] ID 15692-El juego no se ha agregado a la lista
2024-01-25 17:31:25,890 - app.validaciones.validaciones [INFO] ID 15714-El elemento TV Anime Idolm@ster: Cinderella Girls G4U! Pack Vol.3 contiene caracteres no perimitidos
2024-01-25 17:31:25,890 - app.estructura.catalogo [WARNING] ID 15714-El juego no se ha agregado a la lista
2024-01-25 17:31:25,921 - app.validaciones.validaciones [INFO] ID 15743-El elemento TV Anime Idolm@ster: Cinderella Girls G4U! Pack Vol.4 contiene caracteres no perimitidos
2024-01-25 17:31:25,921 - app.estructura.catalogo [WARNING] ID 15743-El juego no se ha agregado a la lista
2024-01-25 17:31:25,981 - app.validaciones.validaciones [INFO] ID 15809-El elemento Memories Off #5: Encore contiene caracteres no perimitidos
2024-01-25 17:31:25,981 - app.estructura.catalogo [WARNING] ID 15809-El juego no se ha agregado a la lista
2024-01-25 17:31:26,257 - app.validaciones.validaciones [INFO] ID 16110-El elemento Marginal #4: Idol of Supernova contiene caracteres no perimitidos
2024-01-25 17:31:26,257 - app.estructura.catalogo [WARNING] ID 16110-El juego no se ha agregado a la lista
2024-01-25 17:31:26,314 - app.validaciones.validaciones [INFO] ID 16164-El elemento htoL#NiQ: The Firefly Diary contiene caracteres no perimitidos
2024-01-25 17:31:26,315 - app.estructura.catalogo [WARNING] ID 16164-El juego no se ha agregado a la lista
2024-01-25 17:31:26,409 - app.validaciones.validaciones [INFO] ID 16268-Myself; Yourself no puede contener ';'
2024-01-25 17:31:26,409 - app.estructura.catalogo [WARNING] ID 16268-El juego no se ha agregado a la lista
2024-01-25 17:31:26,416 - app.validaciones.validaciones [INFO] ID 16275-Chaos;Head Noah no puede contener ';'
2024-01-25 17:31:26,416 - app.estructura.catalogo [WARNING] ID 16275-El juego no se ha agregado a la lista
2024-01-25 17:31:26,467 - app.validaciones.validaciones [INFO] ID 16336-Chaos;Child no puede contener ';'
2024-01-25 17:31:26,467 - app.estructura.catalogo [WARNING] ID 16336-El juego no se ha agregado a la lista
2024-01-25 17:31:26,541 - app.validaciones.validaciones [INFO] ID 16419-Chaos;Child no puede contener ';'
2024-01-25 17:31:26,541 - app.estructura.catalogo [WARNING] ID 16419-El juego no se ha agregado a la lista
2024-01-25 17:31:26,590 - app.validaciones.validaciones [INFO] ID 16470-El elemento Memories Off #5: Togireta Film contiene caracteres no perimitidos
2024-01-25 17:31:26,590 - app.estructura.catalogo [WARNING] ID 16470-El juego no se ha agregado a la lista
2024-01-25 17:34:24,227 - pandasgui.gui [INFO] Opening PandasGUI
2024-01-25 17:34:24,919 - pandasgui.gui [WARNING] File path is invalid or does not exist: Tabla de Datos Pandas
